Removed Pin From Net: NetName=HO2 Pin=P6-2
Removed Pin From Net: NetName=LO2 Pin=P9-1
Add Pin To Net: Unknown Pin: Pin C3-1
Add Pin To Net: Unknown Pin: Pin C3-2
Add Pin To Net: Unknown Pin: Pin D1-1
Add Pin To Net: Unknown Pin: Pin D1-2
Add Pin To Net: Unknown Pin: Pin D2-1
Add Pin To Net: Unknown Pin: Pin D2-2
Add Pin To Net: Unknown Pin: Pin D3-1
Add Pin To Net: Unknown Pin: Pin D3-2
Add Pin To Net: Unknown Pin: Pin D4-1
Add Pin To Net: Unknown Pin: Pin D4-2
Add Pin To Net: Unknown Pin: Pin P1-1
Add Pin To Net: Unknown Pin: Pin P1-2
Add Pin To Net: Unknown Pin: Pin P2-1
Add Pin To Net: Unknown Pin: Pin P2-2
Add Pin To Net: Unknown Pin: Pin P3-1
Add Pin To Net: Unknown Pin: Pin P3-2
Add Pin To Net: Unknown Pin: Pin P4-1
Add Pin To Net: Unknown Pin: Pin P4-2
Add Pin To Net: Unknown Pin: Pin P5-1
Add Pin To Net: Unknown Pin: Pin P5-2
Added Pin To Net: NetName=LO1 Pin=P6-2
Added Pin To Net: NetName=HO2 Pin=P9-1
Add Pin To Net: Unknown Pin: Pin Q1-1
Add Pin To Net: Unknown Pin: Pin Q1-2
Add Pin To Net: Unknown Pin: Pin Q1-3
Add Pin To Net: Unknown Pin: Pin Q2-1
Add Pin To Net: Unknown Pin: Pin Q2-2
Add Pin To Net: Unknown Pin: Pin Q2-3
Add Pin To Net: Unknown Pin: Pin Q3-1
Add Pin To Net: Unknown Pin: Pin Q3-2
Add Pin To Net: Unknown Pin: Pin Q3-3
Add Pin To Net: Unknown Pin: Pin Q4-1
Add Pin To Net: Unknown Pin: Pin Q4-2
Add Pin To Net: Unknown Pin: Pin Q4-3
Add Pin To Net: Unknown Pin: Pin R1-1
Add Pin To Net: Unknown Pin: Pin R1-2
Add Pin To Net: Unknown Pin: Pin R2-1
Add Pin To Net: Unknown Pin: Pin R2-2
Add Pin To Net: Unknown Pin: Pin R3-1
Add Pin To Net: Unknown Pin: Pin R3-2
Add Pin To Net: Unknown Pin: Pin R4-1
Add Pin To Net: Unknown Pin: Pin R4-2
Add Class Member: Failed to add class member : Component C3 EEUED2V101
Add Class Member: Failed to add class member : Component D1 1N4001-E3/54
Add Class Member: Failed to add class member : Component D2 1N4001-E3/54
Add Class Member: Failed to add class member : Component D3 1N4001-E3/54
Add Class Member: Failed to add class member : Component D4 1N4001-E3/54
Add Class Member: Failed to add class member : Component P1 1714955
Add Class Member: Failed to add class member : Component P2 1714955
Add Class Member: Failed to add class member : Component P3 1714955
Add Class Member: Failed to add class member : Component P4 1714955
Add Class Member: Failed to add class member : Component P5 1714955
Add Class Member: Failed to add class member : Component Q1 IRFZ44NPBF
Add Class Member: Failed to add class member : Component Q2 IRFZ44NPBF
Add Class Member: Failed to add class member : Component Q3 IRFZ44NPBF
Add Class Member: Failed to add class member : Component Q4 IRFZ44NPBF
Add Class Member: Failed to add class member : Component R1 MRS25000C1002FCT00
Add Class Member: Failed to add class member : Component R2 MRS25000C1002FCT00
Add Class Member: Failed to add class member : Component R3 MRS25000C1002FCT00
Add Class Member: Failed to add class member : Component R4 MRS25000C1002FCT00
Added Room: Name=motordriver_hgh voltage
Added Room: Name=motordriver_low voltage
