Removed Pin From Net: NetName=HO1 Pin=D3-2
Removed Pin From Net: NetName=LO1 Pin=D4-2
Removed Pin From Net: NetName=+24 Pin=P1-1
Removed Pin From Net: NetName=GND Pin=P1-2
Removed Pin From Net: NetName=MA Pin=P2-1
Removed Pin From Net: NetName=MB Pin=P2-2
Removed Pin From Net: NetName=HO1 Pin=P4-1
Removed Pin From Net: NetName=LO1 Pin=P4-2
Removed Pin From Net: NetName=MA Pin=Q1-3
Removed Pin From Net: NetName=MA Pin=Q2-2
Removed Pin From Net: NetName=GND Pin=Q2-3
Removed Pin From Net: NetName=+24 Pin=Q3-2
Removed Pin From Net: NetName=MB Pin=Q3-3
Removed Pin From Net: NetName=MB Pin=Q4-2
Removed Pin From Net: NetName=HO1 Pin=R3-2
Removed Pin From Net: NetName=LO1 Pin=R4-2
Change Component Footprint: Designator=D1 Old Footprint=FAIR-DO-35-2 New Footprint=FP-1N4001-E3-54-MFG
Change Component Footprint: Designator=D2 Old Footprint=FAIR-DO-35-2 New Footprint=FP-1N4001-E3-54-MFG
Change Component Footprint: Designator=D3 Old Footprint=FAIR-DO-35-2 New Footprint=FP-1N4001-E3-54-MFG
Change Component Footprint: Designator=D4 Old Footprint=FAIR-DO-35-2 New Footprint=FP-1N4001-E3-54-MFG
Change Component Footprint: Designator=P3 Old Footprint=HDR1X2 New Footprint=PHOE-1714955_V
Change Component Footprint: Designator=P4 Old Footprint=HDR1X2 New Footprint=PHOE-1714955_V
Change Component Comment : Designator=D1 Old Comment=BZX79C3V6 New Comment=1N4001-E3/54
Change Component Comment : Designator=D2 Old Comment=BZX79C3V6 New Comment=1N4001-E3/54
Change Component Comment : Designator=D3 Old Comment=BZX79C3V6 New Comment=1N4001-E3/54
Change Component Comment : Designator=D4 Old Comment=BZX79C3V6 New Comment=1N4001-E3/54
Change Component Comment : Designator=P3 Old Comment=Header 2 New Comment=1714955
Change Component Comment : Designator=P4 Old Comment=Header 2 New Comment=1714955
Change Component Comment : Designator=R1 Old Comment=MRS25000C1000FRP00 New Comment=MRS25000C1002FCT00
Change Component Comment : Designator=R2 Old Comment=MRS25000C1000FRP00 New Comment=MRS25000C1002FCT00
Change Component Comment : Designator=R3 Old Comment=MRS25000C1000FRP00 New Comment=MRS25000C1002FCT00
Change Component Comment : Designator=R4 Old Comment=MRS25000C1000FRP00 New Comment=MRS25000C1002FCT00
Change Managed Component Library Link : Designator=R1 Old VaultGUID=B7D15EC3-160A-466F-A46C-7801FE6295A7 New VaultGUID=B7D15EC3-160A-466F-A46C-7801FE6295A7 Old ItemGUID=FF8D5945-A7C6-4FC4-B67B-3D13760D23B1 New ItemGUID=14E8A056-9E79-468A-9508-58EC7FC151E2 Old RevisionGUID=4ABB9293-178D-4C4E-B9C9-54E8BEC031F9 New RevisionGUID=B3FD4D0E-E853-46DB-968C-5B0976439581
Change Managed Component Library Link : Designator=R2 Old VaultGUID=B7D15EC3-160A-466F-A46C-7801FE6295A7 New VaultGUID=B7D15EC3-160A-466F-A46C-7801FE6295A7 Old ItemGUID=FF8D5945-A7C6-4FC4-B67B-3D13760D23B1 New ItemGUID=14E8A056-9E79-468A-9508-58EC7FC151E2 Old RevisionGUID=4ABB9293-178D-4C4E-B9C9-54E8BEC031F9 New RevisionGUID=B3FD4D0E-E853-46DB-968C-5B0976439581
Change Managed Component Library Link : Designator=R3 Old VaultGUID=B7D15EC3-160A-466F-A46C-7801FE6295A7 New VaultGUID=B7D15EC3-160A-466F-A46C-7801FE6295A7 Old ItemGUID=FF8D5945-A7C6-4FC4-B67B-3D13760D23B1 New ItemGUID=14E8A056-9E79-468A-9508-58EC7FC151E2 Old RevisionGUID=4ABB9293-178D-4C4E-B9C9-54E8BEC031F9 New RevisionGUID=B3FD4D0E-E853-46DB-968C-5B0976439581
Change Managed Component Library Link : Designator=R4 Old VaultGUID=B7D15EC3-160A-466F-A46C-7801FE6295A7 New VaultGUID=B7D15EC3-160A-466F-A46C-7801FE6295A7 Old ItemGUID=FF8D5945-A7C6-4FC4-B67B-3D13760D23B1 New ItemGUID=14E8A056-9E79-468A-9508-58EC7FC151E2 Old RevisionGUID=4ABB9293-178D-4C4E-B9C9-54E8BEC031F9 New RevisionGUID=B3FD4D0E-E853-46DB-968C-5B0976439581
Change Managed Component Library Link : Designator=D1 Old VaultGUID=7B852E9E-2C1D-4EC6-B34F-319EC90B05BF New VaultGUID=B7D15EC3-160A-466F-A46C-7801FE6295A7 Old ItemGUID=ABF02810-B604-4A45-80D7-7D0E8946E98E New ItemGUID=F376BC4B-C668-4EB4-A635-96BFABB0D8B7 Old RevisionGUID=E62CF2F1-9996-4DF7-8704-3E3F154CCF9D New RevisionGUID=968DEABD-9021-46F4-8084-C48E3ABD26DF
Change Managed Component Library Link : Designator=D2 Old VaultGUID=7B852E9E-2C1D-4EC6-B34F-319EC90B05BF New VaultGUID=B7D15EC3-160A-466F-A46C-7801FE6295A7 Old ItemGUID=ABF02810-B604-4A45-80D7-7D0E8946E98E New ItemGUID=F376BC4B-C668-4EB4-A635-96BFABB0D8B7 Old RevisionGUID=E62CF2F1-9996-4DF7-8704-3E3F154CCF9D New RevisionGUID=968DEABD-9021-46F4-8084-C48E3ABD26DF
Change Managed Component Library Link : Designator=D3 Old VaultGUID=7B852E9E-2C1D-4EC6-B34F-319EC90B05BF New VaultGUID=B7D15EC3-160A-466F-A46C-7801FE6295A7 Old ItemGUID=ABF02810-B604-4A45-80D7-7D0E8946E98E New ItemGUID=F376BC4B-C668-4EB4-A635-96BFABB0D8B7 Old RevisionGUID=E62CF2F1-9996-4DF7-8704-3E3F154CCF9D New RevisionGUID=968DEABD-9021-46F4-8084-C48E3ABD26DF
Change Managed Component Library Link : Designator=D4 Old VaultGUID=7B852E9E-2C1D-4EC6-B34F-319EC90B05BF New VaultGUID=B7D15EC3-160A-466F-A46C-7801FE6295A7 Old ItemGUID=ABF02810-B604-4A45-80D7-7D0E8946E98E New ItemGUID=F376BC4B-C668-4EB4-A635-96BFABB0D8B7 Old RevisionGUID=E62CF2F1-9996-4DF7-8704-3E3F154CCF9D New RevisionGUID=968DEABD-9021-46F4-8084-C48E3ABD26DF
Change Managed Component Library Link : Designator=P3 Old VaultGUID= New VaultGUID=B7D15EC3-160A-466F-A46C-7801FE6295A7 Old ItemGUID= New ItemGUID=9A2224CE-E6A1-4697-97B0-BA74C68A54A9 Old RevisionGUID= New RevisionGUID=20C6CDE6-55B0-408A-A534-FBF9D64DEC67
Change Managed Component Library Link : Designator=P4 Old VaultGUID= New VaultGUID=B7D15EC3-160A-466F-A46C-7801FE6295A7 Old ItemGUID= New ItemGUID=9A2224CE-E6A1-4697-97B0-BA74C68A54A9 Old RevisionGUID= New RevisionGUID=20C6CDE6-55B0-408A-A534-FBF9D64DEC67
Change component parameters: Designator = "D1" ("D1"); Footprint = "FAIR-DO-35-2"; UniqueID = "\FEGWBRYO" ("\FEGWBRYO")
Change component parameters (AddParameter): Name = "Average Rectified Current"; Value = "1A"; VariantName = "[No Variations]"
Change component parameters (AddParameter): Name = "Capacitance"; Value = "15pF"; VariantName = "[No Variations]"
Change component parameters (AddParameter): Name = "Case/Package"; Value = "DO-204AL"; VariantName = "[No Variations]"
Change component parameters (AddParameter): Name = "Current"; Value = "1A"; VariantName = "[No Variations]"
Change component parameters (AddParameter): Name = "Current Rating"; Value = "1A"; VariantName = "[No Variations]"
Change component parameters (AddParameter): Name = "Diameter"; Value = "2.7mm"; VariantName = "[No Variations]"
Change component parameters (AddParameter): Name = "Element Configuration"; Value = "Single"; VariantName = "[No Variations]"
Change component parameters (AddParameter): Name = "Forward Current"; Value = "1A"; VariantName = "[No Variations]"
Change component parameters (AddParameter): Name = "Forward Voltage"; Value = "1.1V"; VariantName = "[No Variations]"
Change component parameters (AddParameter): Name = "Height"; Value = "2.7mm"; VariantName = "[No Variations]"
Change component parameters (AddParameter): Name = "Lead Free"; Value = "Lead Free"; VariantName = "[No Variations]"
Change component parameters (AddParameter): Name = "Length"; Value = "0.204inch"; VariantName = "[No Variations]"
Change component parameters (AddParameter): Name = "Max Forward Surge Current (Ifsm)"; Value = "30A"; VariantName = "[No Variations]"
Change component parameters (AddParameter): Name = "Max Operating Temperature"; Value = "150°C"; VariantName = "[No Variations]"
Change component parameters (AddParameter): Name = "Max Repetitive Reverse Voltage (Vrrm)"; Value = "50V"; VariantName = "[No Variations]"
Change component parameters (AddParameter): Name = "Max Reverse Current"; Value = "5uA"; VariantName = "[No Variations]"
Change component parameters (AddParameter): Name = "Max Reverse Voltage (DC)"; Value = "50V"; VariantName = "[No Variations]"
Change component parameters (AddParameter): Name = "Max Surge Current"; Value = "30A"; VariantName = "[No Variations]"
Change component parameters (AddParameter): Name = "Min Operating Temperature"; Value = "-50°C"; VariantName = "[No Variations]"
Change component parameters (AddParameter): Name = "Mount"; Value = "Through Hole"; VariantName = "[No Variations]"
Change component parameters (AddParameter): Name = "Number of Pins"; Value = "2"; VariantName = "[No Variations]"
Change component parameters (AddParameter): Name = "Output Current"; Value = "1A"; VariantName = "[No Variations]"
Change component parameters (AddParameter): Name = "Package Quantity"; Value = "5500"; VariantName = "[No Variations]"
Change component parameters (AddParameter): Name = "Packaging"; Value = "Tape and Reel"; VariantName = "[No Variations]"
Change component parameters (AddParameter): Name = "Peak Non-Repetitive Surge Current"; Value = "45A"; VariantName = "[No Variations]"
Change component parameters (AddParameter): Name = "Polarity"; Value = "Standard"; VariantName = "[No Variations]"
Change component parameters (AddParameter): Name = "Radiation Hardening"; Value = "No"; VariantName = "[No Variations]"
Change component parameters (AddParameter): Name = "Reverse Voltage"; Value = "50V"; VariantName = "[No Variations]"
Change component parameters (AddParameter): Name = "RoHS Compliant"; Value = "Yes"; VariantName = "[No Variations]"
Change component parameters (AddParameter): Name = "Series"; Value = "-"; VariantName = "[No Variations]"
Change component parameters (AddParameter): Name = "Voltage"; Value = "50V"; VariantName = "[No Variations]"
Change component parameters (AddParameter): Name = "Voltage Rating (DC)"; Value = "50V"; VariantName = "[No Variations]"
Change component parameters (AddParameter): Name = "Width"; Value = "2.7mm"; VariantName = "[No Variations]"
Change component parameters: Designator = "D2" ("D2"); Footprint = "FAIR-DO-35-2"; UniqueID = "\GBMXGEZO" ("\GBMXGEZO")
Change component parameters (AddParameter): Name = "Average Rectified Current"; Value = "1A"; VariantName = "[No Variations]"
Change component parameters (AddParameter): Name = "Capacitance"; Value = "15pF"; VariantName = "[No Variations]"
Change component parameters (AddParameter): Name = "Case/Package"; Value = "DO-204AL"; VariantName = "[No Variations]"
Change component parameters (AddParameter): Name = "Current"; Value = "1A"; VariantName = "[No Variations]"
Change component parameters (AddParameter): Name = "Current Rating"; Value = "1A"; VariantName = "[No Variations]"
Change component parameters (AddParameter): Name = "Diameter"; Value = "2.7mm"; VariantName = "[No Variations]"
Change component parameters (AddParameter): Name = "Element Configuration"; Value = "Single"; VariantName = "[No Variations]"
Change component parameters (AddParameter): Name = "Forward Current"; Value = "1A"; VariantName = "[No Variations]"
Change component parameters (AddParameter): Name = "Forward Voltage"; Value = "1.1V"; VariantName = "[No Variations]"
Change component parameters (AddParameter): Name = "Height"; Value = "2.7mm"; VariantName = "[No Variations]"
Change component parameters (AddParameter): Name = "Lead Free"; Value = "Lead Free"; VariantName = "[No Variations]"
Change component parameters (AddParameter): Name = "Length"; Value = "0.204inch"; VariantName = "[No Variations]"
Change component parameters (AddParameter): Name = "Max Forward Surge Current (Ifsm)"; Value = "30A"; VariantName = "[No Variations]"
Change component parameters (AddParameter): Name = "Max Operating Temperature"; Value = "150°C"; VariantName = "[No Variations]"
Change component parameters (AddParameter): Name = "Max Repetitive Reverse Voltage (Vrrm)"; Value = "50V"; VariantName = "[No Variations]"
Change component parameters (AddParameter): Name = "Max Reverse Current"; Value = "5uA"; VariantName = "[No Variations]"
Change component parameters (AddParameter): Name = "Max Reverse Voltage (DC)"; Value = "50V"; VariantName = "[No Variations]"
Change component parameters (AddParameter): Name = "Max Surge Current"; Value = "30A"; VariantName = "[No Variations]"
Change component parameters (AddParameter): Name = "Min Operating Temperature"; Value = "-50°C"; VariantName = "[No Variations]"
Change component parameters (AddParameter): Name = "Mount"; Value = "Through Hole"; VariantName = "[No Variations]"
Change component parameters (AddParameter): Name = "Number of Pins"; Value = "2"; VariantName = "[No Variations]"
Change component parameters (AddParameter): Name = "Output Current"; Value = "1A"; VariantName = "[No Variations]"
Change component parameters (AddParameter): Name = "Package Quantity"; Value = "5500"; VariantName = "[No Variations]"
Change component parameters (AddParameter): Name = "Packaging"; Value = "Tape and Reel"; VariantName = "[No Variations]"
Change component parameters (AddParameter): Name = "Peak Non-Repetitive Surge Current"; Value = "45A"; VariantName = "[No Variations]"
Change component parameters (AddParameter): Name = "Polarity"; Value = "Standard"; VariantName = "[No Variations]"
Change component parameters (AddParameter): Name = "Radiation Hardening"; Value = "No"; VariantName = "[No Variations]"
Change component parameters (AddParameter): Name = "Reverse Voltage"; Value = "50V"; VariantName = "[No Variations]"
Change component parameters (AddParameter): Name = "RoHS Compliant"; Value = "Yes"; VariantName = "[No Variations]"
Change component parameters (AddParameter): Name = "Series"; Value = "-"; VariantName = "[No Variations]"
Change component parameters (AddParameter): Name = "Voltage"; Value = "50V"; VariantName = "[No Variations]"
Change component parameters (AddParameter): Name = "Voltage Rating (DC)"; Value = "50V"; VariantName = "[No Variations]"
Change component parameters (AddParameter): Name = "Width"; Value = "2.7mm"; VariantName = "[No Variations]"
Change component parameters: Designator = "D3" ("D3"); Footprint = "FAIR-DO-35-2"; UniqueID = "\QDOVFVYU" ("\QDOVFVYU")
Change component parameters (AddParameter): Name = "Average Rectified Current"; Value = "1A"; VariantName = "[No Variations]"
Change component parameters (AddParameter): Name = "Capacitance"; Value = "15pF"; VariantName = "[No Variations]"
Change component parameters (AddParameter): Name = "Case/Package"; Value = "DO-204AL"; VariantName = "[No Variations]"
Change component parameters (AddParameter): Name = "Current"; Value = "1A"; VariantName = "[No Variations]"
Change component parameters (AddParameter): Name = "Current Rating"; Value = "1A"; VariantName = "[No Variations]"
Change component parameters (AddParameter): Name = "Diameter"; Value = "2.7mm"; VariantName = "[No Variations]"
Change component parameters (AddParameter): Name = "Element Configuration"; Value = "Single"; VariantName = "[No Variations]"
Change component parameters (AddParameter): Name = "Forward Current"; Value = "1A"; VariantName = "[No Variations]"
Change component parameters (AddParameter): Name = "Forward Voltage"; Value = "1.1V"; VariantName = "[No Variations]"
Change component parameters (AddParameter): Name = "Height"; Value = "2.7mm"; VariantName = "[No Variations]"
Change component parameters (AddParameter): Name = "Lead Free"; Value = "Lead Free"; VariantName = "[No Variations]"
Change component parameters (AddParameter): Name = "Length"; Value = "0.204inch"; VariantName = "[No Variations]"
Change component parameters (AddParameter): Name = "Max Forward Surge Current (Ifsm)"; Value = "30A"; VariantName = "[No Variations]"
Change component parameters (AddParameter): Name = "Max Operating Temperature"; Value = "150°C"; VariantName = "[No Variations]"
Change component parameters (AddParameter): Name = "Max Repetitive Reverse Voltage (Vrrm)"; Value = "50V"; VariantName = "[No Variations]"
Change component parameters (AddParameter): Name = "Max Reverse Current"; Value = "5uA"; VariantName = "[No Variations]"
Change component parameters (AddParameter): Name = "Max Reverse Voltage (DC)"; Value = "50V"; VariantName = "[No Variations]"
Change component parameters (AddParameter): Name = "Max Surge Current"; Value = "30A"; VariantName = "[No Variations]"
Change component parameters (AddParameter): Name = "Min Operating Temperature"; Value = "-50°C"; VariantName = "[No Variations]"
Change component parameters (AddParameter): Name = "Mount"; Value = "Through Hole"; VariantName = "[No Variations]"
Change component parameters (AddParameter): Name = "Number of Pins"; Value = "2"; VariantName = "[No Variations]"
Change component parameters (AddParameter): Name = "Output Current"; Value = "1A"; VariantName = "[No Variations]"
Change component parameters (AddParameter): Name = "Package Quantity"; Value = "5500"; VariantName = "[No Variations]"
Change component parameters (AddParameter): Name = "Packaging"; Value = "Tape and Reel"; VariantName = "[No Variations]"
Change component parameters (AddParameter): Name = "Peak Non-Repetitive Surge Current"; Value = "45A"; VariantName = "[No Variations]"
Change component parameters (AddParameter): Name = "Polarity"; Value = "Standard"; VariantName = "[No Variations]"
Change component parameters (AddParameter): Name = "Radiation Hardening"; Value = "No"; VariantName = "[No Variations]"
Change component parameters (AddParameter): Name = "Reverse Voltage"; Value = "50V"; VariantName = "[No Variations]"
Change component parameters (AddParameter): Name = "RoHS Compliant"; Value = "Yes"; VariantName = "[No Variations]"
Change component parameters (AddParameter): Name = "Series"; Value = "-"; VariantName = "[No Variations]"
Change component parameters (AddParameter): Name = "Voltage"; Value = "50V"; VariantName = "[No Variations]"
Change component parameters (AddParameter): Name = "Voltage Rating (DC)"; Value = "50V"; VariantName = "[No Variations]"
Change component parameters (AddParameter): Name = "Width"; Value = "2.7mm"; VariantName = "[No Variations]"
Change component parameters: Designator = "D4" ("D4"); Footprint = "FAIR-DO-35-2"; UniqueID = "\LQENDKYL" ("\LQENDKYL")
Change component parameters (AddParameter): Name = "Average Rectified Current"; Value = "1A"; VariantName = "[No Variations]"
Change component parameters (AddParameter): Name = "Capacitance"; Value = "15pF"; VariantName = "[No Variations]"
Change component parameters (AddParameter): Name = "Case/Package"; Value = "DO-204AL"; VariantName = "[No Variations]"
Change component parameters (AddParameter): Name = "Current"; Value = "1A"; VariantName = "[No Variations]"
Change component parameters (AddParameter): Name = "Current Rating"; Value = "1A"; VariantName = "[No Variations]"
Change component parameters (AddParameter): Name = "Diameter"; Value = "2.7mm"; VariantName = "[No Variations]"
Change component parameters (AddParameter): Name = "Element Configuration"; Value = "Single"; VariantName = "[No Variations]"
Change component parameters (AddParameter): Name = "Forward Current"; Value = "1A"; VariantName = "[No Variations]"
Change component parameters (AddParameter): Name = "Forward Voltage"; Value = "1.1V"; VariantName = "[No Variations]"
Change component parameters (AddParameter): Name = "Height"; Value = "2.7mm"; VariantName = "[No Variations]"
Change component parameters (AddParameter): Name = "Lead Free"; Value = "Lead Free"; VariantName = "[No Variations]"
Change component parameters (AddParameter): Name = "Length"; Value = "0.204inch"; VariantName = "[No Variations]"
Change component parameters (AddParameter): Name = "Max Forward Surge Current (Ifsm)"; Value = "30A"; VariantName = "[No Variations]"
Change component parameters (AddParameter): Name = "Max Operating Temperature"; Value = "150°C"; VariantName = "[No Variations]"
Change component parameters (AddParameter): Name = "Max Repetitive Reverse Voltage (Vrrm)"; Value = "50V"; VariantName = "[No Variations]"
Change component parameters (AddParameter): Name = "Max Reverse Current"; Value = "5uA"; VariantName = "[No Variations]"
Change component parameters (AddParameter): Name = "Max Reverse Voltage (DC)"; Value = "50V"; VariantName = "[No Variations]"
Change component parameters (AddParameter): Name = "Max Surge Current"; Value = "30A"; VariantName = "[No Variations]"
Change component parameters (AddParameter): Name = "Min Operating Temperature"; Value = "-50°C"; VariantName = "[No Variations]"
Change component parameters (AddParameter): Name = "Mount"; Value = "Through Hole"; VariantName = "[No Variations]"
Change component parameters (AddParameter): Name = "Number of Pins"; Value = "2"; VariantName = "[No Variations]"
Change component parameters (AddParameter): Name = "Output Current"; Value = "1A"; VariantName = "[No Variations]"
Change component parameters (AddParameter): Name = "Package Quantity"; Value = "5500"; VariantName = "[No Variations]"
Change component parameters (AddParameter): Name = "Packaging"; Value = "Tape and Reel"; VariantName = "[No Variations]"
Change component parameters (AddParameter): Name = "Peak Non-Repetitive Surge Current"; Value = "45A"; VariantName = "[No Variations]"
Change component parameters (AddParameter): Name = "Polarity"; Value = "Standard"; VariantName = "[No Variations]"
Change component parameters (AddParameter): Name = "Radiation Hardening"; Value = "No"; VariantName = "[No Variations]"
Change component parameters (AddParameter): Name = "Reverse Voltage"; Value = "50V"; VariantName = "[No Variations]"
Change component parameters (AddParameter): Name = "RoHS Compliant"; Value = "Yes"; VariantName = "[No Variations]"
Change component parameters (AddParameter): Name = "Series"; Value = "-"; VariantName = "[No Variations]"
Change component parameters (AddParameter): Name = "Voltage"; Value = "50V"; VariantName = "[No Variations]"
Change component parameters (AddParameter): Name = "Voltage Rating (DC)"; Value = "50V"; VariantName = "[No Variations]"
Change component parameters (AddParameter): Name = "Width"; Value = "2.7mm"; VariantName = "[No Variations]"
Change component parameters: Designator = "P3" ("P3"); Footprint = "HDR1X2"; UniqueID = "\MEVGYOOL" ("\MEVGYOOL")
Change component parameters (AddParameter): Name = "Datasheet URL"; Value = "http://media.digikey.com/pdf/Data%20Sheets/Phoenix%20Contact%20PDFs/1714955.pdf"; VariantName = "[No Variations]"
Change component parameters (AddParameter): Name = "Datasheet Version"; Value = "02/2010"; VariantName = "[No Variations]"
Change component parameters (AddParameter): Name = "Manufacturer"; Value = "Phoenix Contact"; VariantName = "[No Variations]"
Change component parameters (AddParameter): Name = "Manufacturer URL"; Value = "http://www.phoenixcontact.com/"; VariantName = "[No Variations]"
Change component parameters (AddParameter): Name = "Mounting Technology"; Value = "ThroughHole"; VariantName = "[No Variations]"
Change component parameters (AddParameter): Name = "Package Description"; Value = "PC Terminal Block, Pitch 6.35 mm, 1 x 2 Position, Height 21.5 mm, Tail Lenght 5.1 mm"; VariantName = "[No Variations]"
Change component parameters (AddParameter): Name = "Package Reference"; Value = "1714955"; VariantName = "[No Variations]"
Change component parameters: Designator = "P4" ("P4"); Footprint = "HDR1X2"; UniqueID = "\ECARKMIU" ("\ECARKMIU")
Change component parameters (AddParameter): Name = "Datasheet URL"; Value = "http://media.digikey.com/pdf/Data%20Sheets/Phoenix%20Contact%20PDFs/1714955.pdf"; VariantName = "[No Variations]"
Change component parameters (AddParameter): Name = "Datasheet Version"; Value = "02/2010"; VariantName = "[No Variations]"
Change component parameters (AddParameter): Name = "Manufacturer"; Value = "Phoenix Contact"; VariantName = "[No Variations]"
Change component parameters (AddParameter): Name = "Manufacturer URL"; Value = "http://www.phoenixcontact.com/"; VariantName = "[No Variations]"
Change component parameters (AddParameter): Name = "Mounting Technology"; Value = "ThroughHole"; VariantName = "[No Variations]"
Change component parameters (AddParameter): Name = "Package Description"; Value = "PC Terminal Block, Pitch 6.35 mm, 1 x 2 Position, Height 21.5 mm, Tail Lenght 5.1 mm"; VariantName = "[No Variations]"
Change component parameters (AddParameter): Name = "Package Reference"; Value = "1714955"; VariantName = "[No Variations]"
Change component parameters: Designator = "R1" ("R1"); Footprint = "FP-MRS25-MFG"; UniqueID = "\KZTRPLNU" ("\KZTRPLNU")
Change component parameters (AddParameter): Name = "Case/Package"; Value = "Conformal"; VariantName = "[No Variations]"
Change component parameters (AddParameter): Name = "Composition"; Value = "Metal Film, Thin Film"; VariantName = "[No Variations]"
Change component parameters (AddParameter): Name = "Contact Plating"; Value = "Tin"; VariantName = "[No Variations]"
Change component parameters (AddParameter): Name = "Diameter"; Value = "2.5mm"; VariantName = "[No Variations]"
Change component parameters (AddParameter): Name = "Lead Free"; Value = "Lead Free"; VariantName = "[No Variations]"
Change component parameters (AddParameter): Name = "Lead Length"; Value = "26mm"; VariantName = "[No Variations]"
Change component parameters (AddParameter): Name = "Length"; Value = "6.5mm"; VariantName = "[No Variations]"
Change component parameters (AddParameter): Name = "Max Operating Temperature"; Value = "155°C"; VariantName = "[No Variations]"
Change component parameters (AddParameter): Name = "Max Power Dissipation"; Value = "600mW"; VariantName = "[No Variations]"
Change component parameters (AddParameter): Name = "Military Standard"; Value = "Not"; VariantName = "[No Variations]"
Change component parameters (AddParameter): Name = "Min Operating Temperature"; Value = "-55°C"; VariantName = "[No Variations]"
Change component parameters (AddParameter): Name = "Mount"; Value = "Through Hole"; VariantName = "[No Variations]"
Change component parameters (AddParameter): Name = "NexarPartId"; Value = "42632392"; VariantName = "[No Variations]"
Change component parameters (AddParameter): Name = "Number of Pins"; Value = "2"; VariantName = "[No Variations]"
Change component parameters (AddParameter): Name = "Number of Terminations"; Value = "2"; VariantName = "[No Variations]"
Change component parameters (AddParameter): Name = "Power Rating"; Value = "600mW"; VariantName = "[No Variations]"
Change component parameters (AddParameter): Name = "Radiation Hardening"; Value = "No"; VariantName = "[No Variations]"
Change component parameters (AddParameter): Name = "REACH SVHC"; Value = "Unknown"; VariantName = "[No Variations]"
Change component parameters (AddParameter): Name = "Resistance"; Value = "10kΩ"; VariantName = "[No Variations]"
Change component parameters (AddParameter): Name = "RoHS"; Value = "Compliant"; VariantName = "[No Variations]"
Change component parameters (AddParameter): Name = "Schedule B"; Value = "8533210090, 8533210090"; VariantName = "[No Variations]"
Change component parameters (AddParameter): Name = "Temperature Coefficient"; Value = "50ppm/°C"; VariantName = "[No Variations]"
Change component parameters (AddParameter): Name = "Termination"; Value = "Axial"; VariantName = "[No Variations]"
Change component parameters (AddParameter): Name = "Tolerance"; Value = "1%"; VariantName = "[No Variations]"
Change component parameters (AddParameter): Name = "Voltage Rating"; Value = "350V"; VariantName = "[No Variations]"
Change component parameters (AddParameter): Name = "Voltage Rating (DC)"; Value = "350V"; VariantName = "[No Variations]"
Change component parameters (AddParameter): Name = "Width"; Value = "2.5mm"; VariantName = "[No Variations]"
Change component parameters: Designator = "R2" ("R2"); Footprint = "FP-MRS25-MFG"; UniqueID = "\JWXFBVZA" ("\JWXFBVZA")
Change component parameters (AddParameter): Name = "Case/Package"; Value = "Conformal"; VariantName = "[No Variations]"
Change component parameters (AddParameter): Name = "Composition"; Value = "Metal Film, Thin Film"; VariantName = "[No Variations]"
Change component parameters (AddParameter): Name = "Contact Plating"; Value = "Tin"; VariantName = "[No Variations]"
Change component parameters (AddParameter): Name = "Diameter"; Value = "2.5mm"; VariantName = "[No Variations]"
Change component parameters (AddParameter): Name = "Lead Free"; Value = "Lead Free"; VariantName = "[No Variations]"
Change component parameters (AddParameter): Name = "Lead Length"; Value = "26mm"; VariantName = "[No Variations]"
Change component parameters (AddParameter): Name = "Length"; Value = "6.5mm"; VariantName = "[No Variations]"
Change component parameters (AddParameter): Name = "Max Operating Temperature"; Value = "155°C"; VariantName = "[No Variations]"
Change component parameters (AddParameter): Name = "Max Power Dissipation"; Value = "600mW"; VariantName = "[No Variations]"
Change component parameters (AddParameter): Name = "Military Standard"; Value = "Not"; VariantName = "[No Variations]"
Change component parameters (AddParameter): Name = "Min Operating Temperature"; Value = "-55°C"; VariantName = "[No Variations]"
Change component parameters (AddParameter): Name = "Mount"; Value = "Through Hole"; VariantName = "[No Variations]"
Change component parameters (AddParameter): Name = "NexarPartId"; Value = "42632392"; VariantName = "[No Variations]"
Change component parameters (AddParameter): Name = "Number of Pins"; Value = "2"; VariantName = "[No Variations]"
Change component parameters (AddParameter): Name = "Number of Terminations"; Value = "2"; VariantName = "[No Variations]"
Change component parameters (AddParameter): Name = "Power Rating"; Value = "600mW"; VariantName = "[No Variations]"
Change component parameters (AddParameter): Name = "Radiation Hardening"; Value = "No"; VariantName = "[No Variations]"
Change component parameters (AddParameter): Name = "REACH SVHC"; Value = "Unknown"; VariantName = "[No Variations]"
Change component parameters (AddParameter): Name = "Resistance"; Value = "10kΩ"; VariantName = "[No Variations]"
Change component parameters (AddParameter): Name = "RoHS"; Value = "Compliant"; VariantName = "[No Variations]"
Change component parameters (AddParameter): Name = "Schedule B"; Value = "8533210090, 8533210090"; VariantName = "[No Variations]"
Change component parameters (AddParameter): Name = "Temperature Coefficient"; Value = "50ppm/°C"; VariantName = "[No Variations]"
Change component parameters (AddParameter): Name = "Termination"; Value = "Axial"; VariantName = "[No Variations]"
Change component parameters (AddParameter): Name = "Tolerance"; Value = "1%"; VariantName = "[No Variations]"
Change component parameters (AddParameter): Name = "Voltage Rating"; Value = "350V"; VariantName = "[No Variations]"
Change component parameters (AddParameter): Name = "Voltage Rating (DC)"; Value = "350V"; VariantName = "[No Variations]"
Change component parameters (AddParameter): Name = "Width"; Value = "2.5mm"; VariantName = "[No Variations]"
Change component parameters: Designator = "R3" ("R3"); Footprint = "FP-MRS25-MFG"; UniqueID = "\VUWLIFWI" ("\VUWLIFWI")
Change component parameters (AddParameter): Name = "Case/Package"; Value = "Conformal"; VariantName = "[No Variations]"
Change component parameters (AddParameter): Name = "Composition"; Value = "Metal Film, Thin Film"; VariantName = "[No Variations]"
Change component parameters (AddParameter): Name = "Contact Plating"; Value = "Tin"; VariantName = "[No Variations]"
Change component parameters (AddParameter): Name = "Diameter"; Value = "2.5mm"; VariantName = "[No Variations]"
Change component parameters (AddParameter): Name = "Lead Free"; Value = "Lead Free"; VariantName = "[No Variations]"
Change component parameters (AddParameter): Name = "Lead Length"; Value = "26mm"; VariantName = "[No Variations]"
Change component parameters (AddParameter): Name = "Length"; Value = "6.5mm"; VariantName = "[No Variations]"
Change component parameters (AddParameter): Name = "Max Operating Temperature"; Value = "155°C"; VariantName = "[No Variations]"
Change component parameters (AddParameter): Name = "Max Power Dissipation"; Value = "600mW"; VariantName = "[No Variations]"
Change component parameters (AddParameter): Name = "Military Standard"; Value = "Not"; VariantName = "[No Variations]"
Change component parameters (AddParameter): Name = "Min Operating Temperature"; Value = "-55°C"; VariantName = "[No Variations]"
Change component parameters (AddParameter): Name = "Mount"; Value = "Through Hole"; VariantName = "[No Variations]"
Change component parameters (AddParameter): Name = "NexarPartId"; Value = "42632392"; VariantName = "[No Variations]"
Change component parameters (AddParameter): Name = "Number of Pins"; Value = "2"; VariantName = "[No Variations]"
Change component parameters (AddParameter): Name = "Number of Terminations"; Value = "2"; VariantName = "[No Variations]"
Change component parameters (AddParameter): Name = "Power Rating"; Value = "600mW"; VariantName = "[No Variations]"
Change component parameters (AddParameter): Name = "Radiation Hardening"; Value = "No"; VariantName = "[No Variations]"
Change component parameters (AddParameter): Name = "REACH SVHC"; Value = "Unknown"; VariantName = "[No Variations]"
Change component parameters (AddParameter): Name = "Resistance"; Value = "10kΩ"; VariantName = "[No Variations]"
Change component parameters (AddParameter): Name = "RoHS"; Value = "Compliant"; VariantName = "[No Variations]"
Change component parameters (AddParameter): Name = "Schedule B"; Value = "8533210090, 8533210090"; VariantName = "[No Variations]"
Change component parameters (AddParameter): Name = "Temperature Coefficient"; Value = "50ppm/°C"; VariantName = "[No Variations]"
Change component parameters (AddParameter): Name = "Termination"; Value = "Axial"; VariantName = "[No Variations]"
Change component parameters (AddParameter): Name = "Tolerance"; Value = "1%"; VariantName = "[No Variations]"
Change component parameters (AddParameter): Name = "Voltage Rating"; Value = "350V"; VariantName = "[No Variations]"
Change component parameters (AddParameter): Name = "Voltage Rating (DC)"; Value = "350V"; VariantName = "[No Variations]"
Change component parameters (AddParameter): Name = "Width"; Value = "2.5mm"; VariantName = "[No Variations]"
Change component parameters: Designator = "R4" ("R4"); Footprint = "FP-MRS25-MFG"; UniqueID = "\HSSASNTM" ("\HSSASNTM")
Change component parameters (AddParameter): Name = "Case/Package"; Value = "Conformal"; VariantName = "[No Variations]"
Change component parameters (AddParameter): Name = "Composition"; Value = "Metal Film, Thin Film"; VariantName = "[No Variations]"
Change component parameters (AddParameter): Name = "Contact Plating"; Value = "Tin"; VariantName = "[No Variations]"
Change component parameters (AddParameter): Name = "Diameter"; Value = "2.5mm"; VariantName = "[No Variations]"
Change component parameters (AddParameter): Name = "Lead Free"; Value = "Lead Free"; VariantName = "[No Variations]"
Change component parameters (AddParameter): Name = "Lead Length"; Value = "26mm"; VariantName = "[No Variations]"
Change component parameters (AddParameter): Name = "Length"; Value = "6.5mm"; VariantName = "[No Variations]"
Change component parameters (AddParameter): Name = "Max Operating Temperature"; Value = "155°C"; VariantName = "[No Variations]"
Change component parameters (AddParameter): Name = "Max Power Dissipation"; Value = "600mW"; VariantName = "[No Variations]"
Change component parameters (AddParameter): Name = "Military Standard"; Value = "Not"; VariantName = "[No Variations]"
Change component parameters (AddParameter): Name = "Min Operating Temperature"; Value = "-55°C"; VariantName = "[No Variations]"
Change component parameters (AddParameter): Name = "Mount"; Value = "Through Hole"; VariantName = "[No Variations]"
Change component parameters (AddParameter): Name = "NexarPartId"; Value = "42632392"; VariantName = "[No Variations]"
Change component parameters (AddParameter): Name = "Number of Pins"; Value = "2"; VariantName = "[No Variations]"
Change component parameters (AddParameter): Name = "Number of Terminations"; Value = "2"; VariantName = "[No Variations]"
Change component parameters (AddParameter): Name = "Power Rating"; Value = "600mW"; VariantName = "[No Variations]"
Change component parameters (AddParameter): Name = "Radiation Hardening"; Value = "No"; VariantName = "[No Variations]"
Change component parameters (AddParameter): Name = "REACH SVHC"; Value = "Unknown"; VariantName = "[No Variations]"
Change component parameters (AddParameter): Name = "Resistance"; Value = "10kΩ"; VariantName = "[No Variations]"
Change component parameters (AddParameter): Name = "RoHS"; Value = "Compliant"; VariantName = "[No Variations]"
Change component parameters (AddParameter): Name = "Schedule B"; Value = "8533210090, 8533210090"; VariantName = "[No Variations]"
Change component parameters (AddParameter): Name = "Temperature Coefficient"; Value = "50ppm/°C"; VariantName = "[No Variations]"
Change component parameters (AddParameter): Name = "Termination"; Value = "Axial"; VariantName = "[No Variations]"
Change component parameters (AddParameter): Name = "Tolerance"; Value = "1%"; VariantName = "[No Variations]"
Change component parameters (AddParameter): Name = "Voltage Rating"; Value = "350V"; VariantName = "[No Variations]"
Change component parameters (AddParameter): Name = "Voltage Rating (DC)"; Value = "350V"; VariantName = "[No Variations]"
Change component parameters (AddParameter): Name = "Width"; Value = "2.5mm"; VariantName = "[No Variations]"
Added Component: Designator=AND(CDIP790W66P254L1954H508Q14)
Add component (AddParameter): Name = "Arrow Part Number"; Value = "CD4073BF3A"; VariantName = "[No Variations]"
Add component (AddParameter): Name = "Arrow Price/Stock"; Value = "https://www.arrow.com/en/products/cd4073bf3a/texas-instruments?region=nac"; VariantName = "[No Variations]"
Add component (AddParameter): Name = "Datasheet Link"; Value = "https://www.ti.com/lit/ds/symlink/cd4073b-mil.pdf?ts=1634815353837&ref_url=https%253A%252F%252Fwww.ti.com%252Fstore%252Fti%252Fen%252Fp%252Fproduct%252F%253Fp%253DCD4073BF3A"; VariantName = "[No Variations]"
Add component (AddParameter): Name = "Height"; Value = "5.08mm"; VariantName = "[No Variations]"
Add component (AddParameter): Name = "Manufacturer_Name"; Value = "Texas Instruments"; VariantName = "[No Variations]"
Add component (AddParameter): Name = "Manufacturer_Part_Number"; Value = "CD4073BF3A"; VariantName = "[No Variations]"
Add component (AddParameter): Name = "Mouser Part Number"; Value = ""; VariantName = "[No Variations]"
Add component (AddParameter): Name = "Mouser Price/Stock"; Value = ""; VariantName = "[No Variations]"
Added Component: Designator=C4(MY_E2.5-5mm)
Add component (AddParameter): Name = "ASiD Part Number"; Value = "C-AS"; VariantName = "[No Variations]"
Add component (AddParameter): Name = "Value"; Value = "1000u"; VariantName = "[No Variations]"
Add component (AddParameter): Name = "Volte"; Value = "25v"; VariantName = "[No Variations]"
Added Component: Designator=C5(MY_E2.5-5mm)
Add component (AddParameter): Name = "ASiD Part Number"; Value = "C-AS"; VariantName = "[No Variations]"
Add component (AddParameter): Name = "Value"; Value = "1000u"; VariantName = "[No Variations]"
Add component (AddParameter): Name = "Volte"; Value = "25v"; VariantName = "[No Variations]"
Added Component: Designator=D7(FP-1N4001-E3-54-MFG)
Add component (AddParameter): Name = "Average Rectified Current"; Value = "1A"; VariantName = "[No Variations]"
Add component (AddParameter): Name = "Capacitance"; Value = "15pF"; VariantName = "[No Variations]"
Add component (AddParameter): Name = "Case/Package"; Value = "DO-204AL"; VariantName = "[No Variations]"
Add component (AddParameter): Name = "Current"; Value = "1A"; VariantName = "[No Variations]"
Add component (AddParameter): Name = "Current Rating"; Value = "1A"; VariantName = "[No Variations]"
Add component (AddParameter): Name = "Diameter"; Value = "2.7mm"; VariantName = "[No Variations]"
Add component (AddParameter): Name = "Element Configuration"; Value = "Single"; VariantName = "[No Variations]"
Add component (AddParameter): Name = "Forward Current"; Value = "1A"; VariantName = "[No Variations]"
Add component (AddParameter): Name = "Forward Voltage"; Value = "1.1V"; VariantName = "[No Variations]"
Add component (AddParameter): Name = "Height"; Value = "2.7mm"; VariantName = "[No Variations]"
Add component (AddParameter): Name = "Lead Free"; Value = "Lead Free"; VariantName = "[No Variations]"
Add component (AddParameter): Name = "Length"; Value = "0.204inch"; VariantName = "[No Variations]"
Add component (AddParameter): Name = "Max Forward Surge Current (Ifsm)"; Value = "30A"; VariantName = "[No Variations]"
Add component (AddParameter): Name = "Max Operating Temperature"; Value = "150°C"; VariantName = "[No Variations]"
Add component (AddParameter): Name = "Max Repetitive Reverse Voltage (Vrrm)"; Value = "50V"; VariantName = "[No Variations]"
Add component (AddParameter): Name = "Max Reverse Current"; Value = "5uA"; VariantName = "[No Variations]"
Add component (AddParameter): Name = "Max Reverse Voltage (DC)"; Value = "50V"; VariantName = "[No Variations]"
Add component (AddParameter): Name = "Max Surge Current"; Value = "30A"; VariantName = "[No Variations]"
Add component (AddParameter): Name = "Min Operating Temperature"; Value = "-50°C"; VariantName = "[No Variations]"
Add component (AddParameter): Name = "Mount"; Value = "Through Hole"; VariantName = "[No Variations]"
Add component (AddParameter): Name = "Number of Pins"; Value = "2"; VariantName = "[No Variations]"
Add component (AddParameter): Name = "Output Current"; Value = "1A"; VariantName = "[No Variations]"
Add component (AddParameter): Name = "Package Quantity"; Value = "5500"; VariantName = "[No Variations]"
Add component (AddParameter): Name = "Packaging"; Value = "Tape and Reel"; VariantName = "[No Variations]"
Add component (AddParameter): Name = "Peak Non-Repetitive Surge Current"; Value = "45A"; VariantName = "[No Variations]"
Add component (AddParameter): Name = "Polarity"; Value = "Standard"; VariantName = "[No Variations]"
Add component (AddParameter): Name = "Radiation Hardening"; Value = "No"; VariantName = "[No Variations]"
Add component (AddParameter): Name = "Reverse Voltage"; Value = "50V"; VariantName = "[No Variations]"
Add component (AddParameter): Name = "RoHS Compliant"; Value = "Yes"; VariantName = "[No Variations]"
Add component (AddParameter): Name = "Series"; Value = "-"; VariantName = "[No Variations]"
Add component (AddParameter): Name = "Voltage"; Value = "50V"; VariantName = "[No Variations]"
Add component (AddParameter): Name = "Voltage Rating (DC)"; Value = "50V"; VariantName = "[No Variations]"
Add component (AddParameter): Name = "Width"; Value = "2.7mm"; VariantName = "[No Variations]"
Added Component: Designator=D8(FP-1N4001-E3-54-MFG)
Add component (AddParameter): Name = "Average Rectified Current"; Value = "1A"; VariantName = "[No Variations]"
Add component (AddParameter): Name = "Capacitance"; Value = "15pF"; VariantName = "[No Variations]"
Add component (AddParameter): Name = "Case/Package"; Value = "DO-204AL"; VariantName = "[No Variations]"
Add component (AddParameter): Name = "Current"; Value = "1A"; VariantName = "[No Variations]"
Add component (AddParameter): Name = "Current Rating"; Value = "1A"; VariantName = "[No Variations]"
Add component (AddParameter): Name = "Diameter"; Value = "2.7mm"; VariantName = "[No Variations]"
Add component (AddParameter): Name = "Element Configuration"; Value = "Single"; VariantName = "[No Variations]"
Add component (AddParameter): Name = "Forward Current"; Value = "1A"; VariantName = "[No Variations]"
Add component (AddParameter): Name = "Forward Voltage"; Value = "1.1V"; VariantName = "[No Variations]"
Add component (AddParameter): Name = "Height"; Value = "2.7mm"; VariantName = "[No Variations]"
Add component (AddParameter): Name = "Lead Free"; Value = "Lead Free"; VariantName = "[No Variations]"
Add component (AddParameter): Name = "Length"; Value = "0.204inch"; VariantName = "[No Variations]"
Add component (AddParameter): Name = "Max Forward Surge Current (Ifsm)"; Value = "30A"; VariantName = "[No Variations]"
Add component (AddParameter): Name = "Max Operating Temperature"; Value = "150°C"; VariantName = "[No Variations]"
Add component (AddParameter): Name = "Max Repetitive Reverse Voltage (Vrrm)"; Value = "50V"; VariantName = "[No Variations]"
Add component (AddParameter): Name = "Max Reverse Current"; Value = "5uA"; VariantName = "[No Variations]"
Add component (AddParameter): Name = "Max Reverse Voltage (DC)"; Value = "50V"; VariantName = "[No Variations]"
Add component (AddParameter): Name = "Max Surge Current"; Value = "30A"; VariantName = "[No Variations]"
Add component (AddParameter): Name = "Min Operating Temperature"; Value = "-50°C"; VariantName = "[No Variations]"
Add component (AddParameter): Name = "Mount"; Value = "Through Hole"; VariantName = "[No Variations]"
Add component (AddParameter): Name = "Number of Pins"; Value = "2"; VariantName = "[No Variations]"
Add component (AddParameter): Name = "Output Current"; Value = "1A"; VariantName = "[No Variations]"
Add component (AddParameter): Name = "Package Quantity"; Value = "5500"; VariantName = "[No Variations]"
Add component (AddParameter): Name = "Packaging"; Value = "Tape and Reel"; VariantName = "[No Variations]"
Add component (AddParameter): Name = "Peak Non-Repetitive Surge Current"; Value = "45A"; VariantName = "[No Variations]"
Add component (AddParameter): Name = "Polarity"; Value = "Standard"; VariantName = "[No Variations]"
Add component (AddParameter): Name = "Radiation Hardening"; Value = "No"; VariantName = "[No Variations]"
Add component (AddParameter): Name = "Reverse Voltage"; Value = "50V"; VariantName = "[No Variations]"
Add component (AddParameter): Name = "RoHS Compliant"; Value = "Yes"; VariantName = "[No Variations]"
Add component (AddParameter): Name = "Series"; Value = "-"; VariantName = "[No Variations]"
Add component (AddParameter): Name = "Voltage"; Value = "50V"; VariantName = "[No Variations]"
Add component (AddParameter): Name = "Voltage Rating (DC)"; Value = "50V"; VariantName = "[No Variations]"
Add component (AddParameter): Name = "Width"; Value = "2.7mm"; VariantName = "[No Variations]"
Added Component: Designator=IC1(DIP762W56P254L1930H533Q14N)
Add component (AddParameter): Name = "Arrow Part Number"; Value = "IR2110-2PBF"; VariantName = "[No Variations]"
Add component (AddParameter): Name = "Arrow Price/Stock"; Value = "https://www.arrow.com/en/products/ir2110-2pbf/international-rectifier"; VariantName = "[No Variations]"
Add component (AddParameter): Name = "Datasheet Link"; Value = "https://www.digikey.com/product-detail/en/infineon-technologies/IR2110-2PBF/IR2110-2PBF-ND/811587"; VariantName = "[No Variations]"
Add component (AddParameter): Name = "Height"; Value = "5.33mm"; VariantName = "[No Variations]"
Add component (AddParameter): Name = "Manufacturer_Name"; Value = "Infineon"; VariantName = "[No Variations]"
Add component (AddParameter): Name = "Manufacturer_Part_Number"; Value = "IR2110-2PBF"; VariantName = "[No Variations]"
Add component (AddParameter): Name = "Mouser Part Number"; Value = "942-IR2110-2PBF"; VariantName = "[No Variations]"
Add component (AddParameter): Name = "Mouser Price/Stock"; Value = "https://www.mouser.co.uk/ProductDetail/Infineon-Technologies/IR2110-2PBF?qs=dQmlx5f5cRLng%2FtY2dzXzA%3D%3D"; VariantName = "[No Variations]"
Added Component: Designator=IC2(DIP762W56P254L1930H533Q14N)
Add component (AddParameter): Name = "Arrow Part Number"; Value = "IR2110-2PBF"; VariantName = "[No Variations]"
Add component (AddParameter): Name = "Arrow Price/Stock"; Value = "https://www.arrow.com/en/products/ir2110-2pbf/international-rectifier"; VariantName = "[No Variations]"
Add component (AddParameter): Name = "Datasheet Link"; Value = "https://www.digikey.com/product-detail/en/infineon-technologies/IR2110-2PBF/IR2110-2PBF-ND/811587"; VariantName = "[No Variations]"
Add component (AddParameter): Name = "Height"; Value = "5.33mm"; VariantName = "[No Variations]"
Add component (AddParameter): Name = "Manufacturer_Name"; Value = "Infineon"; VariantName = "[No Variations]"
Add component (AddParameter): Name = "Manufacturer_Part_Number"; Value = "IR2110-2PBF"; VariantName = "[No Variations]"
Add component (AddParameter): Name = "Mouser Part Number"; Value = "942-IR2110-2PBF"; VariantName = "[No Variations]"
Add component (AddParameter): Name = "Mouser Price/Stock"; Value = "https://www.mouser.co.uk/ProductDetail/Infineon-Technologies/IR2110-2PBF?qs=dQmlx5f5cRLng%2FtY2dzXzA%3D%3D"; VariantName = "[No Variations]"
Added Component: Designator=OR(CDIP790W66P254L1954H508Q14)
Add component (AddParameter): Name = "Arrow Part Number"; Value = "CD4073BF3A"; VariantName = "[No Variations]"
Add component (AddParameter): Name = "Arrow Price/Stock"; Value = "https://www.arrow.com/en/products/cd4073bf3a/texas-instruments?region=nac"; VariantName = "[No Variations]"
Add component (AddParameter): Name = "Datasheet Link"; Value = "https://www.ti.com/lit/ds/symlink/cd4073b-mil.pdf?ts=1634815353837&ref_url=https%253A%252F%252Fwww.ti.com%252Fstore%252Fti%252Fen%252Fp%252Fproduct%252F%253Fp%253DCD4073BF3A"; VariantName = "[No Variations]"
Add component (AddParameter): Name = "Height"; Value = "5.08mm"; VariantName = "[No Variations]"
Add component (AddParameter): Name = "Manufacturer_Name"; Value = "Texas Instruments"; VariantName = "[No Variations]"
Add component (AddParameter): Name = "Manufacturer_Part_Number"; Value = "CD4073BF3A"; VariantName = "[No Variations]"
Add component (AddParameter): Name = "Mouser Part Number"; Value = ""; VariantName = "[No Variations]"
Add component (AddParameter): Name = "Mouser Price/Stock"; Value = ""; VariantName = "[No Variations]"
Added Component: Designator=P5(PHOE-1714955_V)
Add component (AddParameter): Name = "Datasheet URL"; Value = "http://media.digikey.com/pdf/Data%20Sheets/Phoenix%20Contact%20PDFs/1714955.pdf"; VariantName = "[No Variations]"
Add component (AddParameter): Name = "Datasheet Version"; Value = "02/2010"; VariantName = "[No Variations]"
Add component (AddParameter): Name = "Manufacturer"; Value = "Phoenix Contact"; VariantName = "[No Variations]"
Add component (AddParameter): Name = "Manufacturer URL"; Value = "http://www.phoenixcontact.com/"; VariantName = "[No Variations]"
Add component (AddParameter): Name = "Mounting Technology"; Value = "ThroughHole"; VariantName = "[No Variations]"
Add component (AddParameter): Name = "Package Description"; Value = "PC Terminal Block, Pitch 6.35 mm, 1 x 2 Position, Height 21.5 mm, Tail Lenght 5.1 mm"; VariantName = "[No Variations]"
Add component (AddParameter): Name = "Package Reference"; Value = "1714955"; VariantName = "[No Variations]"
Added Component: Designator=P6(PHOE-1714955_V)
Add component (AddParameter): Name = "Datasheet URL"; Value = "http://media.digikey.com/pdf/Data%20Sheets/Phoenix%20Contact%20PDFs/1714955.pdf"; VariantName = "[No Variations]"
Add component (AddParameter): Name = "Datasheet Version"; Value = "02/2010"; VariantName = "[No Variations]"
Add component (AddParameter): Name = "Manufacturer"; Value = "Phoenix Contact"; VariantName = "[No Variations]"
Add component (AddParameter): Name = "Manufacturer URL"; Value = "http://www.phoenixcontact.com/"; VariantName = "[No Variations]"
Add component (AddParameter): Name = "Mounting Technology"; Value = "ThroughHole"; VariantName = "[No Variations]"
Add component (AddParameter): Name = "Package Description"; Value = "PC Terminal Block, Pitch 6.35 mm, 1 x 2 Position, Height 21.5 mm, Tail Lenght 5.1 mm"; VariantName = "[No Variations]"
Add component (AddParameter): Name = "Package Reference"; Value = "1714955"; VariantName = "[No Variations]"
Added Component: Designator=P7(PHOE-1714955_V)
Add component (AddParameter): Name = "Datasheet URL"; Value = "http://media.digikey.com/pdf/Data%20Sheets/Phoenix%20Contact%20PDFs/1714955.pdf"; VariantName = "[No Variations]"
Add component (AddParameter): Name = "Datasheet Version"; Value = "02/2010"; VariantName = "[No Variations]"
Add component (AddParameter): Name = "Manufacturer"; Value = "Phoenix Contact"; VariantName = "[No Variations]"
Add component (AddParameter): Name = "Manufacturer URL"; Value = "http://www.phoenixcontact.com/"; VariantName = "[No Variations]"
Add component (AddParameter): Name = "Mounting Technology"; Value = "ThroughHole"; VariantName = "[No Variations]"
Add component (AddParameter): Name = "Package Description"; Value = "PC Terminal Block, Pitch 6.35 mm, 1 x 2 Position, Height 21.5 mm, Tail Lenght 5.1 mm"; VariantName = "[No Variations]"
Add component (AddParameter): Name = "Package Reference"; Value = "1714955"; VariantName = "[No Variations]"
Added Component: Designator=P8(PHOE-1714955_V)
Add component (AddParameter): Name = "Datasheet URL"; Value = "http://media.digikey.com/pdf/Data%20Sheets/Phoenix%20Contact%20PDFs/1714955.pdf"; VariantName = "[No Variations]"
Add component (AddParameter): Name = "Datasheet Version"; Value = "02/2010"; VariantName = "[No Variations]"
Add component (AddParameter): Name = "Manufacturer"; Value = "Phoenix Contact"; VariantName = "[No Variations]"
Add component (AddParameter): Name = "Manufacturer URL"; Value = "http://www.phoenixcontact.com/"; VariantName = "[No Variations]"
Add component (AddParameter): Name = "Mounting Technology"; Value = "ThroughHole"; VariantName = "[No Variations]"
Add component (AddParameter): Name = "Package Description"; Value = "PC Terminal Block, Pitch 6.35 mm, 1 x 2 Position, Height 21.5 mm, Tail Lenght 5.1 mm"; VariantName = "[No Variations]"
Add component (AddParameter): Name = "Package Reference"; Value = "1714955"; VariantName = "[No Variations]"
Added Component: Designator=P9(PHOE-1714955_V)
Add component (AddParameter): Name = "Datasheet URL"; Value = "http://media.digikey.com/pdf/Data%20Sheets/Phoenix%20Contact%20PDFs/1714955.pdf"; VariantName = "[No Variations]"
Add component (AddParameter): Name = "Datasheet Version"; Value = "02/2010"; VariantName = "[No Variations]"
Add component (AddParameter): Name = "Manufacturer"; Value = "Phoenix Contact"; VariantName = "[No Variations]"
Add component (AddParameter): Name = "Manufacturer URL"; Value = "http://www.phoenixcontact.com/"; VariantName = "[No Variations]"
Add component (AddParameter): Name = "Mounting Technology"; Value = "ThroughHole"; VariantName = "[No Variations]"
Add component (AddParameter): Name = "Package Description"; Value = "PC Terminal Block, Pitch 6.35 mm, 1 x 2 Position, Height 21.5 mm, Tail Lenght 5.1 mm"; VariantName = "[No Variations]"
Add component (AddParameter): Name = "Package Reference"; Value = "1714955"; VariantName = "[No Variations]"
Added Component: Designator=P10(PHOE-1714955_V)
Add component (AddParameter): Name = "Datasheet URL"; Value = "http://media.digikey.com/pdf/Data%20Sheets/Phoenix%20Contact%20PDFs/1714955.pdf"; VariantName = "[No Variations]"
Add component (AddParameter): Name = "Datasheet Version"; Value = "02/2010"; VariantName = "[No Variations]"
Add component (AddParameter): Name = "Manufacturer"; Value = "Phoenix Contact"; VariantName = "[No Variations]"
Add component (AddParameter): Name = "Manufacturer URL"; Value = "http://www.phoenixcontact.com/"; VariantName = "[No Variations]"
Add component (AddParameter): Name = "Mounting Technology"; Value = "ThroughHole"; VariantName = "[No Variations]"
Add component (AddParameter): Name = "Package Description"; Value = "PC Terminal Block, Pitch 6.35 mm, 1 x 2 Position, Height 21.5 mm, Tail Lenght 5.1 mm"; VariantName = "[No Variations]"
Add component (AddParameter): Name = "Package Reference"; Value = "1714955"; VariantName = "[No Variations]"
Added Component: Designator=P11(PHOE-1714955_V)
Add component (AddParameter): Name = "Datasheet URL"; Value = "http://media.digikey.com/pdf/Data%20Sheets/Phoenix%20Contact%20PDFs/1714955.pdf"; VariantName = "[No Variations]"
Add component (AddParameter): Name = "Datasheet Version"; Value = "02/2010"; VariantName = "[No Variations]"
Add component (AddParameter): Name = "Manufacturer"; Value = "Phoenix Contact"; VariantName = "[No Variations]"
Add component (AddParameter): Name = "Manufacturer URL"; Value = "http://www.phoenixcontact.com/"; VariantName = "[No Variations]"
Add component (AddParameter): Name = "Mounting Technology"; Value = "ThroughHole"; VariantName = "[No Variations]"
Add component (AddParameter): Name = "Package Description"; Value = "PC Terminal Block, Pitch 6.35 mm, 1 x 2 Position, Height 21.5 mm, Tail Lenght 5.1 mm"; VariantName = "[No Variations]"
Add component (AddParameter): Name = "Package Reference"; Value = "1714955"; VariantName = "[No Variations]"
Added Component: Designator=Q5(TO254P483X1016X1994-3P)
Add component (AddParameter): Name = "Arrow Part Number"; Value = "IRFZ44NPBF"; VariantName = "[No Variations]"
Add component (AddParameter): Name = "Arrow Price/Stock"; Value = "https://www.arrow.com/en/products/irfz44npbf/infineon-technologies-ag?utm_currency=USD&region=europe"; VariantName = "[No Variations]"
Add component (AddParameter): Name = "Datasheet Link"; Value = "https://www.infineon.com/dgdl/irfz44npbf.pdf?fileId=5546d462533600a40153563b3a9f220d"; VariantName = "[No Variations]"
Add component (AddParameter): Name = "Height"; Value = "4.83mm"; VariantName = "[No Variations]"
Add component (AddParameter): Name = "Manufacturer_Name"; Value = "Infineon"; VariantName = "[No Variations]"
Add component (AddParameter): Name = "Manufacturer_Part_Number"; Value = "IRFZ44NPBF"; VariantName = "[No Variations]"
Add component (AddParameter): Name = "Mouser Part Number"; Value = "942-IRFZ44NPBF"; VariantName = "[No Variations]"
Add component (AddParameter): Name = "Mouser Price/Stock"; Value = "https://www.mouser.co.uk/ProductDetail/Infineon-Technologies/IRFZ44NPBF?qs=9%252BKlkBgLFf24zghzPg2f9g%3D%3D"; VariantName = "[No Variations]"
Added Component: Designator=Q6(TO254P483X1016X1994-3P)
Add component (AddParameter): Name = "Arrow Part Number"; Value = "IRFZ44NPBF"; VariantName = "[No Variations]"
Add component (AddParameter): Name = "Arrow Price/Stock"; Value = "https://www.arrow.com/en/products/irfz44npbf/infineon-technologies-ag?utm_currency=USD&region=europe"; VariantName = "[No Variations]"
Add component (AddParameter): Name = "Datasheet Link"; Value = "https://www.infineon.com/dgdl/irfz44npbf.pdf?fileId=5546d462533600a40153563b3a9f220d"; VariantName = "[No Variations]"
Add component (AddParameter): Name = "Height"; Value = "4.83mm"; VariantName = "[No Variations]"
Add component (AddParameter): Name = "Manufacturer_Name"; Value = "Infineon"; VariantName = "[No Variations]"
Add component (AddParameter): Name = "Manufacturer_Part_Number"; Value = "IRFZ44NPBF"; VariantName = "[No Variations]"
Add component (AddParameter): Name = "Mouser Part Number"; Value = "942-IRFZ44NPBF"; VariantName = "[No Variations]"
Add component (AddParameter): Name = "Mouser Price/Stock"; Value = "https://www.mouser.co.uk/ProductDetail/Infineon-Technologies/IRFZ44NPBF?qs=9%252BKlkBgLFf24zghzPg2f9g%3D%3D"; VariantName = "[No Variations]"
Added Component: Designator=R17(FP-MRS25-MFG)
Add component (AddParameter): Name = "Case/Package"; Value = "Conformal"; VariantName = "[No Variations]"
Add component (AddParameter): Name = "Composition"; Value = "Metal Film, Thin Film"; VariantName = "[No Variations]"
Add component (AddParameter): Name = "Contact Plating"; Value = "Tin"; VariantName = "[No Variations]"
Add component (AddParameter): Name = "Diameter"; Value = "2.5mm"; VariantName = "[No Variations]"
Add component (AddParameter): Name = "Lead Free"; Value = "Lead Free"; VariantName = "[No Variations]"
Add component (AddParameter): Name = "Lead Length"; Value = "26mm"; VariantName = "[No Variations]"
Add component (AddParameter): Name = "Length"; Value = "6.5mm"; VariantName = "[No Variations]"
Add component (AddParameter): Name = "Max Operating Temperature"; Value = "155°C"; VariantName = "[No Variations]"
Add component (AddParameter): Name = "Max Power Dissipation"; Value = "600mW"; VariantName = "[No Variations]"
Add component (AddParameter): Name = "Military Standard"; Value = "Not"; VariantName = "[No Variations]"
Add component (AddParameter): Name = "Min Operating Temperature"; Value = "-55°C"; VariantName = "[No Variations]"
Add component (AddParameter): Name = "Mount"; Value = "Through Hole"; VariantName = "[No Variations]"
Add component (AddParameter): Name = "NexarPartId"; Value = "42632392"; VariantName = "[No Variations]"
Add component (AddParameter): Name = "Number of Pins"; Value = "2"; VariantName = "[No Variations]"
Add component (AddParameter): Name = "Number of Terminations"; Value = "2"; VariantName = "[No Variations]"
Add component (AddParameter): Name = "Power Rating"; Value = "600mW"; VariantName = "[No Variations]"
Add component (AddParameter): Name = "Radiation Hardening"; Value = "No"; VariantName = "[No Variations]"
Add component (AddParameter): Name = "REACH SVHC"; Value = "Unknown"; VariantName = "[No Variations]"
Add component (AddParameter): Name = "Resistance"; Value = "10kΩ"; VariantName = "[No Variations]"
Add component (AddParameter): Name = "RoHS"; Value = "Compliant"; VariantName = "[No Variations]"
Add component (AddParameter): Name = "Schedule B"; Value = "8533210090, 8533210090"; VariantName = "[No Variations]"
Add component (AddParameter): Name = "Temperature Coefficient"; Value = "50ppm/°C"; VariantName = "[No Variations]"
Add component (AddParameter): Name = "Termination"; Value = "Axial"; VariantName = "[No Variations]"
Add component (AddParameter): Name = "Tolerance"; Value = "1%"; VariantName = "[No Variations]"
Add component (AddParameter): Name = "Voltage Rating"; Value = "350V"; VariantName = "[No Variations]"
Add component (AddParameter): Name = "Voltage Rating (DC)"; Value = "350V"; VariantName = "[No Variations]"
Add component (AddParameter): Name = "Width"; Value = "2.5mm"; VariantName = "[No Variations]"
Added Component: Designator=R18(FP-MRS25-MFG)
Add component (AddParameter): Name = "Case/Package"; Value = "Conformal"; VariantName = "[No Variations]"
Add component (AddParameter): Name = "Composition"; Value = "Metal Film, Thin Film"; VariantName = "[No Variations]"
Add component (AddParameter): Name = "Contact Plating"; Value = "Tin"; VariantName = "[No Variations]"
Add component (AddParameter): Name = "Diameter"; Value = "2.5mm"; VariantName = "[No Variations]"
Add component (AddParameter): Name = "Lead Free"; Value = "Lead Free"; VariantName = "[No Variations]"
Add component (AddParameter): Name = "Lead Length"; Value = "26mm"; VariantName = "[No Variations]"
Add component (AddParameter): Name = "Length"; Value = "6.5mm"; VariantName = "[No Variations]"
Add component (AddParameter): Name = "Max Operating Temperature"; Value = "155°C"; VariantName = "[No Variations]"
Add component (AddParameter): Name = "Max Power Dissipation"; Value = "600mW"; VariantName = "[No Variations]"
Add component (AddParameter): Name = "Military Standard"; Value = "Not"; VariantName = "[No Variations]"
Add component (AddParameter): Name = "Min Operating Temperature"; Value = "-55°C"; VariantName = "[No Variations]"
Add component (AddParameter): Name = "Mount"; Value = "Through Hole"; VariantName = "[No Variations]"
Add component (AddParameter): Name = "NexarPartId"; Value = "42632392"; VariantName = "[No Variations]"
Add component (AddParameter): Name = "Number of Pins"; Value = "2"; VariantName = "[No Variations]"
Add component (AddParameter): Name = "Number of Terminations"; Value = "2"; VariantName = "[No Variations]"
Add component (AddParameter): Name = "Power Rating"; Value = "600mW"; VariantName = "[No Variations]"
Add component (AddParameter): Name = "Radiation Hardening"; Value = "No"; VariantName = "[No Variations]"
Add component (AddParameter): Name = "REACH SVHC"; Value = "Unknown"; VariantName = "[No Variations]"
Add component (AddParameter): Name = "Resistance"; Value = "10kΩ"; VariantName = "[No Variations]"
Add component (AddParameter): Name = "RoHS"; Value = "Compliant"; VariantName = "[No Variations]"
Add component (AddParameter): Name = "Schedule B"; Value = "8533210090, 8533210090"; VariantName = "[No Variations]"
Add component (AddParameter): Name = "Temperature Coefficient"; Value = "50ppm/°C"; VariantName = "[No Variations]"
Add component (AddParameter): Name = "Termination"; Value = "Axial"; VariantName = "[No Variations]"
Add component (AddParameter): Name = "Tolerance"; Value = "1%"; VariantName = "[No Variations]"
Add component (AddParameter): Name = "Voltage Rating"; Value = "350V"; VariantName = "[No Variations]"
Add component (AddParameter): Name = "Voltage Rating (DC)"; Value = "350V"; VariantName = "[No Variations]"
Add component (AddParameter): Name = "Width"; Value = "2.5mm"; VariantName = "[No Variations]"
Added Component: Designator=R19(FP-MRS25-MFG)
Add component (AddParameter): Name = "Case/Package"; Value = "Conformal"; VariantName = "[No Variations]"
Add component (AddParameter): Name = "Composition"; Value = "Metal Film, Thin Film"; VariantName = "[No Variations]"
Add component (AddParameter): Name = "Contact Plating"; Value = "Tin"; VariantName = "[No Variations]"
Add component (AddParameter): Name = "Diameter"; Value = "2.5mm"; VariantName = "[No Variations]"
Add component (AddParameter): Name = "Lead Free"; Value = "Lead Free"; VariantName = "[No Variations]"
Add component (AddParameter): Name = "Lead Length"; Value = "26mm"; VariantName = "[No Variations]"
Add component (AddParameter): Name = "Length"; Value = "6.5mm"; VariantName = "[No Variations]"
Add component (AddParameter): Name = "Max Operating Temperature"; Value = "155°C"; VariantName = "[No Variations]"
Add component (AddParameter): Name = "Max Power Dissipation"; Value = "600mW"; VariantName = "[No Variations]"
Add component (AddParameter): Name = "Military Standard"; Value = "Not"; VariantName = "[No Variations]"
Add component (AddParameter): Name = "Min Operating Temperature"; Value = "-55°C"; VariantName = "[No Variations]"
Add component (AddParameter): Name = "Mount"; Value = "Through Hole"; VariantName = "[No Variations]"
Add component (AddParameter): Name = "NexarPartId"; Value = "42632392"; VariantName = "[No Variations]"
Add component (AddParameter): Name = "Number of Pins"; Value = "2"; VariantName = "[No Variations]"
Add component (AddParameter): Name = "Number of Terminations"; Value = "2"; VariantName = "[No Variations]"
Add component (AddParameter): Name = "Power Rating"; Value = "600mW"; VariantName = "[No Variations]"
Add component (AddParameter): Name = "Radiation Hardening"; Value = "No"; VariantName = "[No Variations]"
Add component (AddParameter): Name = "REACH SVHC"; Value = "Unknown"; VariantName = "[No Variations]"
Add component (AddParameter): Name = "Resistance"; Value = "10kΩ"; VariantName = "[No Variations]"
Add component (AddParameter): Name = "RoHS"; Value = "Compliant"; VariantName = "[No Variations]"
Add component (AddParameter): Name = "Schedule B"; Value = "8533210090, 8533210090"; VariantName = "[No Variations]"
Add component (AddParameter): Name = "Temperature Coefficient"; Value = "50ppm/°C"; VariantName = "[No Variations]"
Add component (AddParameter): Name = "Termination"; Value = "Axial"; VariantName = "[No Variations]"
Add component (AddParameter): Name = "Tolerance"; Value = "1%"; VariantName = "[No Variations]"
Add component (AddParameter): Name = "Voltage Rating"; Value = "350V"; VariantName = "[No Variations]"
Add component (AddParameter): Name = "Voltage Rating (DC)"; Value = "350V"; VariantName = "[No Variations]"
Add component (AddParameter): Name = "Width"; Value = "2.5mm"; VariantName = "[No Variations]"
Added Component: Designator=R20(FP-MRS25-MFG)
Add component (AddParameter): Name = "Case/Package"; Value = "Conformal"; VariantName = "[No Variations]"
Add component (AddParameter): Name = "Composition"; Value = "Metal Film, Thin Film"; VariantName = "[No Variations]"
Add component (AddParameter): Name = "Contact Plating"; Value = "Tin"; VariantName = "[No Variations]"
Add component (AddParameter): Name = "Diameter"; Value = "2.5mm"; VariantName = "[No Variations]"
Add component (AddParameter): Name = "Lead Free"; Value = "Lead Free"; VariantName = "[No Variations]"
Add component (AddParameter): Name = "Lead Length"; Value = "26mm"; VariantName = "[No Variations]"
Add component (AddParameter): Name = "Length"; Value = "6.5mm"; VariantName = "[No Variations]"
Add component (AddParameter): Name = "Max Operating Temperature"; Value = "155°C"; VariantName = "[No Variations]"
Add component (AddParameter): Name = "Max Power Dissipation"; Value = "600mW"; VariantName = "[No Variations]"
Add component (AddParameter): Name = "Military Standard"; Value = "Not"; VariantName = "[No Variations]"
Add component (AddParameter): Name = "Min Operating Temperature"; Value = "-55°C"; VariantName = "[No Variations]"
Add component (AddParameter): Name = "Mount"; Value = "Through Hole"; VariantName = "[No Variations]"
Add component (AddParameter): Name = "NexarPartId"; Value = "42632392"; VariantName = "[No Variations]"
Add component (AddParameter): Name = "Number of Pins"; Value = "2"; VariantName = "[No Variations]"
Add component (AddParameter): Name = "Number of Terminations"; Value = "2"; VariantName = "[No Variations]"
Add component (AddParameter): Name = "Power Rating"; Value = "600mW"; VariantName = "[No Variations]"
Add component (AddParameter): Name = "Radiation Hardening"; Value = "No"; VariantName = "[No Variations]"
Add component (AddParameter): Name = "REACH SVHC"; Value = "Unknown"; VariantName = "[No Variations]"
Add component (AddParameter): Name = "Resistance"; Value = "10kΩ"; VariantName = "[No Variations]"
Add component (AddParameter): Name = "RoHS"; Value = "Compliant"; VariantName = "[No Variations]"
Add component (AddParameter): Name = "Schedule B"; Value = "8533210090, 8533210090"; VariantName = "[No Variations]"
Add component (AddParameter): Name = "Temperature Coefficient"; Value = "50ppm/°C"; VariantName = "[No Variations]"
Add component (AddParameter): Name = "Termination"; Value = "Axial"; VariantName = "[No Variations]"
Add component (AddParameter): Name = "Tolerance"; Value = "1%"; VariantName = "[No Variations]"
Add component (AddParameter): Name = "Voltage Rating"; Value = "350V"; VariantName = "[No Variations]"
Add component (AddParameter): Name = "Voltage Rating (DC)"; Value = "350V"; VariantName = "[No Variations]"
Add component (AddParameter): Name = "Width"; Value = "2.5mm"; VariantName = "[No Variations]"
Added Pin To Net: NetName=GND Pin=AND-7
Added Pin To Net: NetName=GND Pin=AND-9
Added Pin To Net: NetName=GND Pin=AND-10
Added Pin To Net: NetName=GND Pin=AND-12
Added Pin To Net: NetName=GND Pin=AND-13
Added Pin To Net: NetName=HO1 Pin=D1-1
Added Pin To Net: NetName=LO1 Pin=D3-1
Added Pin To Net: NetName=LO1 Pin=IC1-1
Added Pin To Net: NetName=GND Pin=IC1-2
Added Pin To Net: NetName=HO1 Pin=IC1-7
Added Pin To Net: NetName=GND Pin=IC1-11
Added Pin To Net: NetName=GND Pin=IC1-13
Added Pin To Net: NetName=GND Pin=IC2-2
Added Pin To Net: NetName=GND Pin=IC2-11
Added Pin To Net: NetName=GND Pin=IC2-13
Added Pin To Net: NetName=GND Pin=OR-7
Added Pin To Net: NetName=GND Pin=OR-9
Added Pin To Net: NetName=GND Pin=OR-10
Added Pin To Net: NetName=GND Pin=OR-12
Added Pin To Net: NetName=GND Pin=OR-13
Added Pin To Net: NetName=LO1 Pin=P2-1
Added Pin To Net: NetName=HO1 Pin=P2-2
Added Pin To Net: NetName=+24 Pin=P4-1
Added Pin To Net: NetName=GND Pin=P4-2
Added Pin To Net: NetName=MA Pin=P5-1
Added Pin To Net: NetName=MB Pin=P5-2
Added Pin To Net: NetName=HO1 Pin=P6-1
Added Pin To Net: NetName=LO1 Pin=P6-2
Added Pin To Net: NetName=GND Pin=P8-1
Added Pin To Net: NetName=GND Pin=P11-1
Added Pin To Net: NetName=MB Pin=Q1-3
Added Pin To Net: NetName=+24 Pin=Q2-2
Added Pin To Net: NetName=MA Pin=Q2-3
Added Pin To Net: NetName=MB Pin=Q3-2
Added Pin To Net: NetName=GND Pin=Q3-3
Added Pin To Net: NetName=MA Pin=Q4-2
Added Pin To Net: NetName=GND Pin=Q5-3
Added Pin To Net: NetName=GND Pin=Q6-3
Added Pin To Net: NetName=HO1 Pin=R1-2
Added Pin To Net: NetName=LO1 Pin=R3-2
Added Pin To Net: NetName=+5 Pin=AND-14
Added Pin To Net: NetName=+5 Pin=IC1-9
Added Pin To Net: NetName=+5 Pin=IC2-9
Added Pin To Net: NetName=+5 Pin=OR-14
Added Pin To Net: NetName=+5 Pin=P8-2
Added Pin To Net: NetName=+5 Pin=R17-2
Added Pin To Net: NetName=+5 Pin=R19-2
Added Net: Name=+5
Added Pin To Net: NetName=+12 Pin=D7-2
Added Pin To Net: NetName=+12 Pin=D8-2
Added Pin To Net: NetName=+12 Pin=IC1-3
Added Pin To Net: NetName=+12 Pin=IC2-3
Added Pin To Net: NetName=+12 Pin=P11-2
Added Net: Name=+12
Added Pin To Net: NetName=HO2 Pin=D2-1
Added Pin To Net: NetName=HO2 Pin=IC2-7
Added Pin To Net: NetName=HO2 Pin=P1-1
Added Pin To Net: NetName=HO2 Pin=P9-1
Added Pin To Net: NetName=HO2 Pin=R2-1
Added Net: Name=HO2
Added Pin To Net: NetName=LO2 Pin=D4-1
Added Pin To Net: NetName=LO2 Pin=IC2-1
Added Pin To Net: NetName=LO2 Pin=P1-2
Added Pin To Net: NetName=LO2 Pin=P9-2
Added Pin To Net: NetName=LO2 Pin=R4-1
Added Net: Name=LO2
Added Pin To Net: NetName=NetAND_2 Pin=AND-2
Added Pin To Net: NetName=NetAND_2 Pin=OR-5
Added Pin To Net: NetName=NetAND_2 Pin=Q6-2
Added Pin To Net: NetName=NetAND_2 Pin=R19-1
Added Net: Name=NetAND_2
Added Pin To Net: NetName=NetAND_3 Pin=AND-3
Added Pin To Net: NetName=NetAND_3 Pin=IC2-10
Added Net: Name=NetAND_3
Added Pin To Net: NetName=NetAND_4 Pin=AND-4
Added Pin To Net: NetName=NetAND_4 Pin=OR-1
Added Pin To Net: NetName=NetAND_4 Pin=Q5-2
Added Pin To Net: NetName=NetAND_4 Pin=R17-1
Added Net: Name=NetAND_4
Added Pin To Net: NetName=NetAND_6 Pin=AND-6
Added Pin To Net: NetName=NetAND_6 Pin=IC1-10
Added Net: Name=NetAND_6
Added Pin To Net: NetName=NetC4_+ Pin=C4-+
Added Pin To Net: NetName=NetC4_+ Pin=D7-1
Added Pin To Net: NetName=NetC4_+ Pin=IC2-6
Added Net: Name=NetC4_+
Added Pin To Net: NetName=NetC5_+ Pin=C5-+
Added Pin To Net: NetName=NetC5_+ Pin=D8-1
Added Pin To Net: NetName=NetC5_+ Pin=IC1-6
Added Net: Name=NetC5_+
Added Pin To Net: NetName=NetD1_2 Pin=D1-2
Added Pin To Net: NetName=NetD1_2 Pin=Q2-1
Added Pin To Net: NetName=NetD1_2 Pin=R1-1
Added Net: Name=NetD1_2
Added Pin To Net: NetName=NetD2_2 Pin=D2-2
Added Pin To Net: NetName=NetD2_2 Pin=Q1-1
Added Pin To Net: NetName=NetD2_2 Pin=R2-2
Added Net: Name=NetD2_2
Added Pin To Net: NetName=NetD3_2 Pin=D3-2
Added Pin To Net: NetName=NetD3_2 Pin=Q4-1
Added Pin To Net: NetName=NetD3_2 Pin=R3-1
Added Net: Name=NetD3_2
Added Pin To Net: NetName=NetD4_2 Pin=D4-2
Added Pin To Net: NetName=NetD4_2 Pin=Q3-1
Added Pin To Net: NetName=NetD4_2 Pin=R4-2
Added Net: Name=NetD4_2
Added Pin To Net: NetName=NetIC1_12 Pin=IC1-12
Added Pin To Net: NetName=NetIC1_12 Pin=OR-6
Added Net: Name=NetIC1_12
Added Pin To Net: NetName=NetIC2_12 Pin=IC2-12
Added Pin To Net: NetName=NetIC2_12 Pin=OR-3
Added Net: Name=NetIC2_12
Added Pin To Net: NetName=netport1 Pin=AND-5
Added Pin To Net: NetName=netport1 Pin=OR-2
Added Pin To Net: NetName=netport1 Pin=P10-1
Added Pin To Net: NetName=netport1 Pin=R20-1
Added Net: Name=netport1
Added Pin To Net: NetName=netport2 Pin=AND-1
Added Pin To Net: NetName=netport2 Pin=OR-4
Added Pin To Net: NetName=netport2 Pin=P10-2
Added Pin To Net: NetName=netport2 Pin=R18-1
Added Net: Name=netport2
Added Pin To Net: NetName=NetQ5_1 Pin=Q5-1
Added Pin To Net: NetName=NetQ5_1 Pin=R18-2
Added Net: Name=NetQ5_1
Added Pin To Net: NetName=NetQ6_1 Pin=Q6-1
Added Pin To Net: NetName=NetQ6_1 Pin=R20-2
Added Net: Name=NetQ6_1
Added Pin To Net: NetName=VS1 Pin=C5--
Added Pin To Net: NetName=VS1 Pin=IC1-5
Added Pin To Net: NetName=VS1 Pin=P7-1
Added Net: Name=VS1
Added Pin To Net: NetName=VS2 Pin=C4--
Added Pin To Net: NetName=VS2 Pin=IC2-5
Added Pin To Net: NetName=VS2 Pin=P7-2
Added Net: Name=VS2
Change Class Name : Old Net Name=MOSFET New Net Name=motordriver_hgh voltage
Added Class: Name=motordriver_low voltage
Added Member To Class: ClassName=motordriver_hgh voltage Member=Component P5 1714955
Added Room: Name=motordriver_hgh voltage
Added Room: Name=motordriver_low voltage
