Change Component Designator: Old Designator=AND? New Designator=AND1
Change Component Designator: Old Designator=C? New Designator=C1
Change Component Designator: Old Designator=C? New Designator=C2
Change Component Designator: Old Designator=D? New Designator=D1
Change Component Designator: Old Designator=D? New Designator=D2
Change Component Designator: Old Designator=HO? New Designator=HO1
Change Component Designator: Old Designator=IR? New Designator=IR1
Change Component Designator: Old Designator=IR? New Designator=IR2
Change Component Designator: Old Designator=LO? New Designator=LO1
Change Component Designator: Old Designator=NETPORT? New Designator=NETPORT1
Change Component Designator: Old Designator=OR? New Designator=OR1
Change Component Designator: Old Designator=POWER ? New Designator=POWER 1
Change Component Designator: Old Designator=POWER ? New Designator=POWER 2
Change Component Designator: Old Designator=R? New Designator=R1
Change Component Designator: Old Designator=R? New Designator=R2
Change Component Designator: Old Designator=R? New Designator=R3
Change Component Designator: Old Designator=R? New Designator=R4
Change Component Designator: Old Designator=R? New Designator=R5
Change Component Designator: Old Designator=R? New Designator=R6
Change Component Designator: Old Designator=R? New Designator=R7
Change Component Designator: Old Designator=R? New Designator=R8
Change Component Designator: Old Designator=R? New Designator=R9
Change Component Designator: Old Designator=R? New Designator=R10
Change Component Designator: Old Designator=R? New Designator=R11
Change Component Designator: Old Designator=R? New Designator=R12
Change Component Designator: Old Designator=U? New Designator=U1
Change Component Designator: Old Designator=U? New Designator=U2
Change Component Designator: Old Designator=VS? New Designator=VS1
